d:\2024井田\2024\github\dx3d_team\lesson\x64\debug\vc143.pdb
d:\2024井田\2024\github\dx3d_team\lesson\x64\debug\vc143.idb
d:\2024井田\2024\github\dx3d_team\lesson\x64\debug\pressany.obj
d:\2024井田\2024\github\dx3d_team\lesson\x64\debug\node.obj
d:\2024井田\2024\github\dx3d_team\lesson\x64\debug\navmesh.obj
d:\2024井田\2024\github\dx3d_team\lesson\x64\debug\modelloader.obj
d:\2024井田\2024\github\dx3d_team\lesson\x64\debug\math.obj
d:\2024井田\2024\github\dx3d_team\lesson\x64\debug\main.obj
d:\2024井田\2024\github\dx3d_team\lesson\x64\debug\loadplayer.obj
d:\2024井田\2024\github\dx3d_team\lesson\x64\debug\loaderbase.obj
d:\2024井田\2024\github\dx3d_team\lesson\x64\debug\lerp.obj
d:\2024井田\2024\github\dx3d_team\lesson\x64\debug\itemfactory.obj
d:\2024井田\2024\github\dx3d_team\lesson\x64\debug\input.obj
d:\2024井田\2024\github\dx3d_team\lesson\x64\debug\imageloader.obj
d:\2024井田\2024\github\dx3d_team\lesson\x64\debug\gamemain.obj
d:\2024井田\2024\github\dx3d_team\lesson\x64\debug\fade.obj
d:\2024井田\2024\github\dx3d_team\lesson\x64\debug\collision3d.obj
d:\2024井田\2024\github\dx3d_team\lesson\x64\debug\collision.obj
d:\2024井田\2024\github\dx3d_team\lesson\x64\debug\camera.obj
d:\2024井田\2024\github\dx3d_team\lesson\x64\debug\animation3d.obj
d:\2024井田\2024\github\dx3d_team\lesson\x64\debug\actorcollision.obj
d:\2024井田\2024\github\dx3d_team\lesson\x64\debug\actor.obj
d:\2024井田\2024\github\dx3d_team\lesson\x64\debug\vector3.obj
d:\2024井田\2024\github\dx3d_team\lesson\x64\debug\vector2.obj
d:\2024井田\2024\github\dx3d_team\lesson\x64\debug\uiscore.obj
d:\2024井田\2024\github\dx3d_team\lesson\x64\debug\uiresult.obj
d:\2024井田\2024\github\dx3d_team\lesson\x64\debug\time.obj
d:\2024井田\2024\github\dx3d_team\lesson\x64\debug\sprite.obj
d:\2024井田\2024\github\dx3d_team\lesson\x64\debug\sphere.obj
d:\2024井田\2024\github\dx3d_team\lesson\x64\debug\scenetitle.obj
d:\2024井田\2024\github\dx3d_team\lesson\x64\debug\scenemanager.obj
d:\2024井田\2024\github\dx3d_team\lesson\x64\debug\scenegame.obj
d:\2024井田\2024\github\dx3d_team\lesson\x64\debug\quaternion.obj
d:\2024井田\2024\github\dx3d_team\x64\debug\lesson.exe
d:\2024井田\2024\github\dx3d_team\x64\debug\lesson.pdb
d:\2024井田\2024\github\dx3d_team\lesson\x64\debug\lesson.ilk
d:\2024井田\2024\github\dx3d_team\lesson\x64\debug\lesson.tlog\cl.command.1.tlog
d:\2024井田\2024\github\dx3d_team\lesson\x64\debug\lesson.tlog\cl.items.tlog
d:\2024井田\2024\github\dx3d_team\lesson\x64\debug\lesson.tlog\cl.read.1.tlog
d:\2024井田\2024\github\dx3d_team\lesson\x64\debug\lesson.tlog\cl.write.1.tlog
d:\2024井田\2024\github\dx3d_team\lesson\x64\debug\lesson.tlog\link.command.1.tlog
d:\2024井田\2024\github\dx3d_team\lesson\x64\debug\lesson.tlog\link.read.1.tlog
d:\2024井田\2024\github\dx3d_team\lesson\x64\debug\lesson.tlog\link.secondary.1.tlog
d:\2024井田\2024\github\dx3d_team\lesson\x64\debug\lesson.tlog\link.write.1.tlog
