  Actor.cpp
  Actor3D.cpp
  ActorCollision.cpp
  ActorCollision3D.cpp
  Animation3D.cpp
  Audio3D.cpp
  Button.cpp
  Camera.cpp
  CheckRoot.cpp
  Chest.cpp
  ChestItemIcon.cpp
  Collision.cpp
  Collision3D.cpp
  CollisionStage.cpp
  DrawStageView.cpp
  Enemy.cpp
  EnemyFactory.cpp
  EnhanceHaveWeight.cpp
  EnhanceInventory.cpp
  EnhanceStaminaDecrease.cpp
  コードを生成中...
  コンパイル中...
  EnhanceStaminaRecovery.cpp
  EnhanceTheWorldTime.cpp
  EnhanceUseTheWorld.cpp
  EscapePoint.cpp
  Fade.cpp
  GameMain.cpp
  ImageLoader.cpp
  Input.cpp
  Inventory.cpp
  Item.cpp
  ItemFactory.cpp
  ItemIcon.cpp
  Lerp.cpp
  LightFactory.cpp
  LoaderBase.cpp
  LoadPlayer.cpp
  Main.cpp
  Map.cpp
  Math.cpp
  MenuInventory.cpp
  コードを生成中...
  コンパイル中...
  MenuItemIcon.cpp
  ModelLoader.cpp
  MoneyCount.cpp
  NavMesh.cpp
  Node.cpp
  PressAny.cpp
  Quaternion.cpp
  SceneGame.cpp
  SceneGameOver.cpp
  SceneManager.cpp
  SceneMenu.cpp
  SceneTitle.cpp
  ScreenFilter.cpp
  SellButton.cpp
  Shop.cpp
  Sprite.cpp
  Time.cpp
  UiResult.cpp
  UiStamina.cpp
  UiTheWorld.cpp
  コードを生成中...
  コンパイル中...
  UiTime.cpp
  Vector2.cpp
  Vector3.cpp
  Wallet.cpp
  コードを生成中...
  Lesson.vcxproj -> D:\2024\GitHub\Dx3d_Team\x64\Debug\Lesson.exe
